2022-10-05T10:46:47+00:00 CRITICAL syntax error, unexpected '<' in C:\wamp64\www\G9-So-Much-Soda\wp-content\themes\somuchsoda\woocommerce\cart\cart.php on line 103

2022-10-05T10:59:10+00:00 CRITICAL Uncaught Error: Call to a member function get_categories() on null in C:\wamp64\www\G9-So-Much-Soda\wp-content\themes\somuchsoda\woocommerce\cart\cart.php:55
Stack trace:
#0 C:\wamp64\www\G9-So-Much-Soda\wp-content\plugins\woocommerce\includes\wc-core-functions.php(345): include()
#1 C:\wamp64\www\G9-So-Much-Soda\wp-content\plugins\woocommerce\includes\shortcodes\class-wc-shortcode-cart.php(99): wc_get_template('cart/cart.php')
#2 C:\wamp64\www\G9-So-Much-Soda\wp-content\plugins\woocommerce\includes\class-wc-shortcodes.php(72): WC_Shortcode_Cart::output(Array)
#3 C:\wamp64\www\G9-So-Much-Soda\wp-content\plugins\woocommerce\includes\class-wc-shortcodes.php(85): WC_Shortcodes::shortcode_wrapper(Array)
#4 C:\wamp64\www\G9-So-Much-Soda\wp-includes\shortcodes.php(356): WC_Shortcodes::cart('', '', 'woocommerce_car...')
#5 [internal function]: do_shortcode_tag(Array)
#6 C:\wamp64\www\G9-So-Much-Soda\wp-includes\shortcodes.php(228): preg_replace_callback('/\\[(\\[?)(woocom...', 'do_shortcode_ta...', '[woocommerce_ca. in C:\wamp64\www\G9-So-Much-Soda\wp-content\themes\somuchsoda\woocommerce\cart\cart.php on line 55

2022-10-05T11:02:07+00:00 CRITICAL Uncaught Error: Call to a member function get_categories() on null in C:\wamp64\www\G9-So-Much-Soda\wp-content\themes\somuchsoda\woocommerce\cart\cart.php:55
Stack trace:
#0 C:\wamp64\www\G9-So-Much-Soda\wp-content\plugins\woocommerce\includes\wc-core-functions.php(345): include()
#1 C:\wamp64\www\G9-So-Much-Soda\wp-content\plugins\woocommerce\includes\shortcodes\class-wc-shortcode-cart.php(99): wc_get_template('cart/cart.php')
#2 C:\wamp64\www\G9-So-Much-Soda\wp-content\plugins\woocommerce\includes\class-wc-shortcodes.php(72): WC_Shortcode_Cart::output(Array)
#3 C:\wamp64\www\G9-So-Much-Soda\wp-content\plugins\woocommerce\includes\class-wc-shortcodes.php(85): WC_Shortcodes::shortcode_wrapper(Array)
#4 C:\wamp64\www\G9-So-Much-Soda\wp-includes\shortcodes.php(356): WC_Shortcodes::cart('', '', 'woocommerce_car...')
#5 [internal function]: do_shortcode_tag(Array)
#6 C:\wamp64\www\G9-So-Much-Soda\wp-includes\shortcodes.php(228): preg_replace_callback('/\\[(\\[?)(woocom...', 'do_shortcode_ta...', '[woocommerce_ca. in C:\wamp64\www\G9-So-Much-Soda\wp-content\themes\somuchsoda\woocommerce\cart\cart.php on line 55

2022-10-05T11:08:34+00:00 CRITICAL syntax error, unexpected end of file in C:\wamp64\www\G9-So-Much-Soda\wp-content\themes\somuchsoda\woocommerce\cart\cart.php on line 196

2022-10-05T12:40:32+00:00 CRITICAL syntax error, unexpected '<' in C:\wamp64\www\G9-So-Much-Soda\wp-content\themes\somuchsoda\functions.php on line 210

2022-10-05T12:40:46+00:00 CRITICAL syntax error, unexpected '<' in C:\wamp64\www\G9-So-Much-Soda\wp-content\themes\somuchsoda\functions.php on line 210

2022-10-05T12:41:03+00:00 CRITICAL syntax error, unexpected '<' in C:\wamp64\www\G9-So-Much-Soda\wp-content\themes\somuchsoda\functions.php on line 210

2022-10-05T12:41:16+00:00 CRITICAL syntax error, unexpected 'endif' (T_ENDIF) in C:\wamp64\www\G9-So-Much-Soda\wp-content\themes\somuchsoda\functions.php on line 211

2022-10-05T14:03:40+00:00 CRITICAL syntax error, unexpected '||' (T_BOOLEAN_OR) in C:\wamp64\www\G9-So-Much-Soda\wp-content\themes\somuchsoda\woocommerce.php on line 13

