2022-10-07T09:48:31+00:00 CRITICAL Uncaught TypeError: call_user_func_array(): Argument #1 ($callback) must be a valid callback, function "create_posttype" not found or invalid function name in C:\MAMP\htdocs\G9-So-Much-Soda\wp-includes\class-wp-hook.php:307
Stack trace:
#0 C:\MAMP\htdocs\G9-So-Much-Soda\wp-includes\class-wp-hook.php(331): WP_Hook->apply_filters(NULL, Array)
#1 C:\MAMP\htdocs\G9-So-Much-Soda\wp-includes\plugin.php(476): WP_Hook->do_action(Array)
#2 C:\MAMP\htdocs\G9-So-Much-Soda\wp-settings.php(598): do_action('init')
#3 C:\MAMP\htdocs\G9-So-Much-Soda\wp-config.php(95): require_once('C:\\MAMP\\htdocs\\...')
#4 C:\MAMP\htdocs\G9-So-Much-Soda\wp-load.php(50): require_once('C:\\MAMP\\htdocs\\...')
#5 C:\MAMP\htdocs\G9-So-Much-Soda\wp-admin\admin-ajax.php(22): require_once('C:\\MAMP\\htdocs\\...')
#6 {main}
  thrown in C:\MAMP\htdocs\G9-So-Much-Soda\wp-includes\class-wp-hook.php on line 307

2022-10-07T09:49:31+00:00 CRITICAL Uncaught TypeError: call_user_func_array(): Argument #1 ($callback) must be a valid callback, function "create_posttype" not found or invalid function name in C:\MAMP\htdocs\G9-So-Much-Soda\wp-includes\class-wp-hook.php:307
Stack trace:
#0 C:\MAMP\htdocs\G9-So-Much-Soda\wp-includes\class-wp-hook.php(331): WP_Hook->apply_filters(NULL, Array)
#1 C:\MAMP\htdocs\G9-So-Much-Soda\wp-includes\plugin.php(476): WP_Hook->do_action(Array)
#2 C:\MAMP\htdocs\G9-So-Much-Soda\wp-settings.php(598): do_action('init')
#3 C:\MAMP\htdocs\G9-So-Much-Soda\wp-config.php(95): require_once('C:\\MAMP\\htdocs\\...')
#4 C:\MAMP\htdocs\G9-So-Much-Soda\wp-load.php(50): require_once('C:\\MAMP\\htdocs\\...')
#5 C:\MAMP\htdocs\G9-So-Much-Soda\wp-admin\admin-ajax.php(22): require_once('C:\\MAMP\\htdocs\\...')
#6 {main}
  thrown in C:\MAMP\htdocs\G9-So-Much-Soda\wp-includes\class-wp-hook.php on line 307

2022-10-07T09:59:14+00:00 CRITICAL Uncaught TypeError: call_user_func_array(): Argument #1 ($callback) must be a valid callback, function "create_posttype" not found or invalid function name in C:\MAMP\htdocs\G9-So-Much-Soda\wp-includes\class-wp-hook.php:307
Stack trace:
#0 C:\MAMP\htdocs\G9-So-Much-Soda\wp-includes\class-wp-hook.php(331): WP_Hook->apply_filters(NULL, Array)
#1 C:\MAMP\htdocs\G9-So-Much-Soda\wp-includes\plugin.php(476): WP_Hook->do_action(Array)
#2 C:\MAMP\htdocs\G9-So-Much-Soda\wp-settings.php(598): do_action('init')
#3 C:\MAMP\htdocs\G9-So-Much-Soda\wp-config.php(95): require_once('C:\\MAMP\\htdocs\\...')
#4 C:\MAMP\htdocs\G9-So-Much-Soda\wp-load.php(50): require_once('C:\\MAMP\\htdocs\\...')
#5 C:\MAMP\htdocs\G9-So-Much-Soda\wp-admin\admin.php(34): require_once('C:\\MAMP\\htdocs\\...')
#6 C:\MAMP\htdocs\G9-So-Much-Soda\wp-admin\index.php(10): require_once('C:\\MAMP\\htdocs\\...')
#7 {main}
  thrown in C:\MAMP\htdocs\G9-So-Much-Soda\wp-includes\class-wp-hook.php on line 307

