Oct 06 2022 10:54:10
{"Number":8192,"Message":"explode(): Passing null to parameter #2 ($string) of type string is deprecated","File":"C:\\MAMP\\htdocs\\G9-So-Much-Soda\\wp-content\\plugins\\all-in-one-wp-migration\\functions.php","Line":471}

Oct 06 2022 10:54:10
{"type":8192,"message":"Return type of Requests_Utility_CaseInsensitiveDictionary::getIterator() should either be compatible with IteratorAggregate::getIterator(): Traversable, or the #[\\ReturnTypeWillChange] attribute should be used to temporarily suppress the notice","file":"C:\\MAMP\\htdocs\\G9-So-Much-Soda\\wp-includes\\Requests\\Utility\\CaseInsensitiveDictionary.php","line":91}

Oct 06 2022 10:54:12
{"type":8192,"message":"Constant FILTER_SANITIZE_STRING is deprecated","file":"C:\\MAMP\\htdocs\\G9-So-Much-Soda\\wp-content\\plugins\\klarna-checkout-for-woocommerce\\classes\\class-kco-confirmation.php","line":53}

Oct 06 2022 10:54:12
{"type":8192,"message":"Constant FILTER_SANITIZE_STRING is deprecated","file":"C:\\MAMP\\htdocs\\G9-So-Much-Soda\\wp-content\\plugins\\klarna-checkout-for-woocommerce\\classes\\class-kco-confirmation.php","line":53}

Oct 06 2022 10:54:14
{"type":8192,"message":"Constant FILTER_SANITIZE_STRING is deprecated","file":"C:\\MAMP\\htdocs\\G9-So-Much-Soda\\wp-content\\plugins\\klarna-checkout-for-woocommerce\\classes\\class-kco-confirmation.php","line":53}

Oct 06 2022 10:54:16
{"Number":8192,"Message":"base64_encode(): Passing null to parameter #1 ($string) of type string is deprecated","File":"C:\\MAMP\\htdocs\\G9-So-Much-Soda\\wp-content\\plugins\\all-in-one-wp-migration\\lib\\model\\export\\class-ai1wm-export-config.php","Line":164}

Oct 06 2022 10:54:16
{"type":8192,"message":"Constant FILTER_SANITIZE_STRING is deprecated","file":"C:\\MAMP\\htdocs\\G9-So-Much-Soda\\wp-content\\plugins\\klarna-checkout-for-woocommerce\\classes\\class-kco-confirmation.php","line":53}

Oct 06 2022 10:54:17
{"type":8192,"message":"Constant FILTER_SANITIZE_STRING is deprecated","file":"C:\\MAMP\\htdocs\\G9-So-Much-Soda\\wp-content\\plugins\\klarna-checkout-for-woocommerce\\classes\\class-kco-confirmation.php","line":53}

Oct 06 2022 10:54:18
{"type":8192,"message":"Constant FILTER_SANITIZE_STRING is deprecated","file":"C:\\MAMP\\htdocs\\G9-So-Much-Soda\\wp-content\\plugins\\klarna-checkout-for-woocommerce\\classes\\class-kco-confirmation.php","line":53}

Oct 06 2022 10:54:20
{"type":8192,"message":"Constant FILTER_SANITIZE_STRING is deprecated","file":"C:\\MAMP\\htdocs\\G9-So-Much-Soda\\wp-content\\plugins\\klarna-checkout-for-woocommerce\\classes\\class-kco-confirmation.php","line":53}

Oct 06 2022 10:54:22
{"type":8192,"message":"Constant FILTER_SANITIZE_STRING is deprecated","file":"C:\\MAMP\\htdocs\\G9-So-Much-Soda\\wp-content\\plugins\\klarna-checkout-for-woocommerce\\classes\\class-kco-confirmation.php","line":53}

Oct 06 2022 10:54:22
{"type":8192,"message":"Constant FILTER_SANITIZE_STRING is deprecated","file":"C:\\MAMP\\htdocs\\G9-So-Much-Soda\\wp-content\\plugins\\klarna-checkout-for-woocommerce\\classes\\class-kco-confirmation.php","line":53}

Oct 06 2022 10:54:26
{"type":8192,"message":"Constant FILTER_SANITIZE_STRING is deprecated","file":"C:\\MAMP\\htdocs\\G9-So-Much-Soda\\wp-content\\plugins\\klarna-checkout-for-woocommerce\\classes\\class-kco-confirmation.php","line":53}

Oct 06 2022 10:54:27
{"type":8192,"message":"Constant FILTER_SANITIZE_STRING is deprecated","file":"C:\\MAMP\\htdocs\\G9-So-Much-Soda\\wp-content\\plugins\\klarna-checkout-for-woocommerce\\classes\\class-kco-confirmation.php","line":53}

Oct 06 2022 10:54:28
{"type":8192,"message":"Constant FILTER_SANITIZE_STRING is deprecated","file":"C:\\MAMP\\htdocs\\G9-So-Much-Soda\\wp-content\\plugins\\klarna-checkout-for-woocommerce\\classes\\class-kco-confirmation.php","line":53}

Oct 06 2022 10:54:30
{"type":8192,"message":"Constant FILTER_SANITIZE_STRING is deprecated","file":"C:\\MAMP\\htdocs\\G9-So-Much-Soda\\wp-content\\plugins\\klarna-checkout-for-woocommerce\\classes\\class-kco-confirmation.php","line":53}

Oct 06 2022 10:54:32
{"type":8192,"message":"Constant FILTER_SANITIZE_STRING is deprecated","file":"C:\\MAMP\\htdocs\\G9-So-Much-Soda\\wp-content\\plugins\\klarna-checkout-for-woocommerce\\classes\\class-kco-confirmation.php","line":53}

Oct 06 2022 10:54:32
{"type":8192,"message":"Constant FILTER_SANITIZE_STRING is deprecated","file":"C:\\MAMP\\htdocs\\G9-So-Much-Soda\\wp-content\\plugins\\klarna-checkout-for-woocommerce\\classes\\class-kco-confirmation.php","line":53}

Oct 06 2022 10:54:34
{"type":8192,"message":"Constant FILTER_SANITIZE_STRING is deprecated","file":"C:\\MAMP\\htdocs\\G9-So-Much-Soda\\wp-content\\plugins\\klarna-checkout-for-woocommerce\\classes\\class-kco-confirmation.php","line":53}

Oct 06 2022 10:54:37
{"type":8192,"message":"Constant FILTER_SANITIZE_STRING is deprecated","file":"C:\\MAMP\\htdocs\\G9-So-Much-Soda\\wp-content\\plugins\\klarna-checkout-for-woocommerce\\classes\\class-kco-confirmation.php","line":53}

Oct 06 2022 10:54:41
{"type":8192,"message":"Constant FILTER_SANITIZE_STRING is deprecated","file":"C:\\MAMP\\htdocs\\G9-So-Much-Soda\\wp-content\\plugins\\klarna-checkout-for-woocommerce\\classes\\class-kco-confirmation.php","line":53}

Oct 06 2022 10:54:42
{"type":8192,"message":"Constant FILTER_SANITIZE_STRING is deprecated","file":"C:\\MAMP\\htdocs\\G9-So-Much-Soda\\wp-content\\plugins\\klarna-checkout-for-woocommerce\\classes\\class-kco-confirmation.php","line":53}

Oct 06 2022 10:54:43
{"type":8192,"message":"Constant FILTER_SANITIZE_STRING is deprecated","file":"C:\\MAMP\\htdocs\\G9-So-Much-Soda\\wp-content\\plugins\\klarna-checkout-for-woocommerce\\classes\\class-kco-confirmation.php","line":53}

Oct 06 2022 10:54:47
{"type":8192,"message":"Constant FILTER_SANITIZE_STRING is deprecated","file":"C:\\MAMP\\htdocs\\G9-So-Much-Soda\\wp-content\\plugins\\klarna-checkout-for-woocommerce\\classes\\class-kco-confirmation.php","line":53}

Oct 06 2022 10:54:47
{"type":8192,"message":"Constant FILTER_SANITIZE_STRING is deprecated","file":"C:\\MAMP\\htdocs\\G9-So-Much-Soda\\wp-content\\plugins\\klarna-checkout-for-woocommerce\\classes\\class-kco-confirmation.php","line":53}

Oct 06 2022 10:54:49
{"type":8192,"message":"Constant FILTER_SANITIZE_STRING is deprecated","file":"C:\\MAMP\\htdocs\\G9-So-Much-Soda\\wp-content\\plugins\\klarna-checkout-for-woocommerce\\classes\\class-kco-confirmation.php","line":53}

Oct 06 2022 10:54:51
{"type":8192,"message":"Constant FILTER_SANITIZE_STRING is deprecated","file":"C:\\MAMP\\htdocs\\G9-So-Much-Soda\\wp-content\\plugins\\klarna-checkout-for-woocommerce\\classes\\class-kco-confirmation.php","line":53}

Oct 06 2022 10:54:52
{"type":8192,"message":"Constant FILTER_SANITIZE_STRING is deprecated","file":"C:\\MAMP\\htdocs\\G9-So-Much-Soda\\wp-content\\plugins\\klarna-checkout-for-woocommerce\\classes\\class-kco-confirmation.php","line":53}

Oct 06 2022 10:54:53
{"type":8192,"message":"Constant FILTER_SANITIZE_STRING is deprecated","file":"C:\\MAMP\\htdocs\\G9-So-Much-Soda\\wp-content\\plugins\\klarna-checkout-for-woocommerce\\classes\\class-kco-confirmation.php","line":53}

Oct 06 2022 10:54:57
{"type":8192,"message":"Constant FILTER_SANITIZE_STRING is deprecated","file":"C:\\MAMP\\htdocs\\G9-So-Much-Soda\\wp-content\\plugins\\klarna-checkout-for-woocommerce\\classes\\class-kco-confirmation.php","line":53}

Oct 06 2022 10:54:59
{"type":8192,"message":"Constant FILTER_SANITIZE_STRING is deprecated","file":"C:\\MAMP\\htdocs\\G9-So-Much-Soda\\wp-content\\plugins\\klarna-checkout-for-woocommerce\\classes\\class-kco-confirmation.php","line":53}

